<?xml version="1.0" encoding="UTF-8"?>
<coverage generated="1576973184102" clover="3.2.0">
  <project timestamp="1576973184102" name="All files">
    <metrics statements="9" coveredstatements="9" conditionals="0" coveredconditionals="0" methods="9" coveredmethods="8" elements="18" coveredelements="17" complexity="0" loc="9" ncloc="9" packages="1" files="3" classes="3"/>
    <file name="booleanos.js" path="L:\PROYECTOS\Cursos-Platzi\jest\src\booleanos.js">
      <metrics statements="4" coveredstatements="4" conditionals="0" coveredconditionals="0" methods="4" coveredmethods="3"/>
      <line num="1" count="1" type="stmt"/>
      <line num="3" count="2" type="stmt"/>
      <line num="5" count="2" type="stmt"/>
      <line num="7" count="1" type="stmt"/>
    </file>
    <file name="maths.js" path="L:\PROYECTOS\Cursos-Platzi\jest\src\maths.js">
      <metrics statements="4" coveredstatements="4" conditionals="0" coveredconditionals="0" methods="4" coveredmethods="4"/>
      <line num="1" count="1" type="stmt"/>
      <line num="3" count="1" type="stmt"/>
      <line num="5" count="1" type="stmt"/>
      <line num="7" count="1" type="stmt"/>
    </file>
    <file name="numbers.js" path="L:\PROYECTOS\Cursos-Platzi\jest\src\numbers.js">
      <metrics statements="1" coveredstatements="1" conditionals="0" coveredconditionals="0" methods="1" coveredmethods="1"/>
      <line num="1" count="5" type="stmt"/>
    </file>
  </project>
</coverage>
